[05:36:54] [ServerMain/INFO]: [bootstrap] Running Java 21 (OpenJDK 64-Bit Server VM 21.0.5+11-Ubuntu-1ubuntu120.04; Ubuntu null) on Linux 6.5.0-1025-azure (amd64)
[05:36:54] [ServerMain/INFO]: [bootstrap] Loading Paper 1.21.1-57-master@b483da4 (2024-09-01T18:09:05Z) for Minecraft 1.21.1
[05:36:54] [ServerMain/INFO]: [PluginInitializerManager] Initializing plugins...
[05:36:54] [ServerMain/INFO]: [PluginInitializerManager] Initialized 1 plugin
[05:36:54] [ServerMain/INFO]: [PluginInitializerManager] Bukkit plugins (1):
 - Chunky (1.4.28)
[05:37:02] [ServerMain/INFO]: Environment: Environment[sessionHost=https://sessionserver.mojang.com, servicesHost=https://api.minecraftservices.com, name=PROD]
[05:37:05] [ServerMain/INFO]: Loaded 1290 recipes
[05:37:05] [ServerMain/INFO]: Loaded 1399 advancements
[05:37:05] [Server thread/INFO]: Starting minecraft server version 1.21.1
[05:37:05] [Server thread/INFO]: Loading properties
[05:37:05] [Server thread/INFO]: This server is running Paper version 1.21.1-57-master@b483da4 (2024-09-01T18:09:05Z) (Implementing API version 1.21.1-R0.1-SNAPSHOT)
[05:37:06] [Server thread/INFO]: [spark] This server bundles the spark profiler. For more information please visit https://docs.papermc.io/paper/profiling
[05:37:06] [Server thread/INFO]: Server Ping Player Sample Count: 12
[05:37:07] [Server thread/INFO]: Using 4 threads for Netty based IO
[05:37:07] [Server thread/INFO]: [ChunkTaskScheduler] Chunk system is using 1 I/O threads, 1 worker threads, and population gen parallelism of 1 threads
[05:37:08] [Server thread/INFO]: Default game type: SURVIVAL
[05:37:08] [Server thread/INFO]: Generating keypair
[05:37:08] [Server thread/INFO]: Starting Minecraft server on *:25565
[05:37:08] [Server thread/INFO]: Using epoll channel type
[05:37:08] [Server thread/INFO]: Paper: Using libdeflate (Linux x86_64) compression from Velocity.
[05:37:08] [Server thread/INFO]: Paper: Using OpenSSL 1.1.x (Linux x86_64) cipher from Velocity.
[05:37:08] [Server thread/INFO]: [Chunky] Loading server plugin Chunky v1.4.28
[05:37:08] [Server thread/INFO]: Server permissions file permissions.yml is empty, ignoring it
[05:37:08] [Server thread/WARN]: **** SERVER IS RUNNING IN OFFLINE/INSECURE MODE!
[05:37:08] [Server thread/WARN]: The server will make no attempt to authenticate usernames. Beware.
[05:37:08] [Server thread/WARN]: While this makes the game possible to play without internet access, it also opens up the ability for hackers to connect with any username they choose.
[05:37:08] [Server thread/WARN]: To change this, set "online-mode" to "true" in the server.properties file.
[05:37:08] [Server thread/INFO]: Preparing level "world"
[05:37:09] [Server thread/INFO]: Preparing start region for dimension minecraft:overworld
[05:37:10] [Server thread/INFO]: Time elapsed: 1252 ms
[05:37:10] [Server thread/INFO]: Preparing start region for dimension minecraft:the_nether
[05:37:10] [Server thread/INFO]: Time elapsed: 312 ms
[05:37:10] [Server thread/INFO]: Preparing start region for dimension minecraft:the_end
[05:37:10] [Server thread/INFO]: Time elapsed: 190 ms
[05:37:10] [Server thread/INFO]: [Chunky] Enabling Chunky v1.4.28
[05:37:11] [Server thread/INFO]: [spark] Starting background profiler...
[05:37:12] [Server thread/INFO]: Done preparing level "world" (3.950s)
[05:37:12] [Server thread/INFO]: Running delayed init tasks
[05:37:12] [Server thread/INFO]: Done (20.878s)! For help, type "help"
[05:37:12] [Server thread/INFO]: Timings Reset
